<?xml version="1.0" encoding="UTF-8"?>
<testng-results ignored="0" total="2" passed="2" failed="0" skipped="0">
  <reporter-output>
  </reporter-output>
  <suite started-at="2022-08-30T13:46:07 IST" name="Default suite" finished-at="2022-08-30T13:46:17 IST" duration-ms="9633">
    <groups>
    </groups>
    <test started-at="2022-08-30T13:46:07 IST" name="Default test" finished-at="2022-08-30T13:46:17 IST" duration-ms="9633">
      <class name="com.ninja.qa.testcases.HomeTest">
        <test-method is-config="true" signature="setup()[pri:0, instance:com.ninja.qa.testcases.HomeTest@6b81ce95]" started-at="2022-08-30T13:46:07 IST" name="setup" finished-at="2022-08-30T13:46:12 IST" duration-ms="5119" status="PASS">
          <reporter-output>
          </reporter-output>
        </test-method> <!-- setup -->
        <test-method signature="homePageTitleTest()[pri:1, instance:com.ninja.qa.testcases.HomeTest@6b81ce95]" started-at="2022-08-30T13:46:12 IST" name="homePageTitleTest" finished-at="2022-08-30T13:46:12 IST" duration-ms="14" status="PASS">
          <reporter-output>
          </reporter-output>
        </test-method> <!-- homePageTitleTest -->
        <test-method is-config="true" signature="tearDown()[pri:0, instance:com.ninja.qa.testcases.HomeTest@6b81ce95]" started-at="2022-08-30T13:46:12 IST" name="tearDown" finished-at="2022-08-30T13:46:13 IST" duration-ms="869" status="PASS">
          <reporter-output>
          </reporter-output>
        </test-method> <!-- tearDown -->
        <test-method is-config="true" signature="setup()[pri:0, instance:com.ninja.qa.testcases.HomeTest@6b81ce95]" started-at="2022-08-30T13:46:13 IST" name="setup" finished-at="2022-08-30T13:46:16 IST" duration-ms="2779" status="PASS">
          <reporter-output>
          </reporter-output>
        </test-method> <!-- setup -->
        <test-method signature="searchboxtest()[pri:2, instance:com.ninja.qa.testcases.HomeTest@6b81ce95]" started-at="2022-08-30T13:46:16 IST" name="searchboxtest" finished-at="2022-08-30T13:46:16 IST" duration-ms="53" status="PASS">
          <reporter-output>
          </reporter-output>
        </test-method> <!-- searchboxtest -->
        <test-method is-config="true" signature="tearDown()[pri:0, instance:com.ninja.qa.testcases.HomeTest@6b81ce95]" started-at="2022-08-30T13:46:16 IST" name="tearDown" finished-at="2022-08-30T13:46:17 IST" duration-ms="735" status="PASS">
          <reporter-output>
          </reporter-output>
        </test-method> <!-- tearDown -->
      </class> <!-- com.ninja.qa.testcases.HomeTest -->
    </test> <!-- Default test -->
  </suite> <!-- Default suite -->
</testng-results>
